<?xml version="1.0" encoding="UTF-8"?>
<testsuite name="agh.ics.oop.RectangularMapTest" tests="4" skipped="0" failures="0" errors="0" timestamp="2022-11-23T20:24:08" hostname="DESKTOP-8V6FS01" time="0.026">
  <properties/>
  <testcase name="objectAtTest()" classname="agh.ics.oop.RectangularMapTest" time="0.017"/>
  <testcase name="isOccupiedTest()" classname="agh.ics.oop.RectangularMapTest" time="0.002"/>
  <testcase name="canMoveToTest()" classname="agh.ics.oop.RectangularMapTest" time="0.001"/>
  <testcase name="placeTest()" classname="agh.ics.oop.RectangularMapTest" time="0.006"/>
  <system-out><![CDATA[]]></system-out>
  <system-err><![CDATA[]]></system-err>
</testsuite>
